nohup: ignoring input
[START] Fri Jun 19 10:41:38 UTC 2026
10:41:38  [PASS]  ICMP reachable
10:41:43  [PASS]  ICMP reachable
10:41:48  [PASS]  ICMP reachable
10:41:53  [PASS]  ICMP reachable
10:41:58  [PASS]  ICMP reachable
10:42:03  [PASS]  ICMP reachable
10:42:08  [PASS]  ICMP reachable
10:42:13  [PASS]  ICMP reachable
10:42:18  [PASS]  ICMP reachable
10:42:23  [PASS]  ICMP reachable
10:42:28  [PASS]  ICMP reachable
10:42:33  [PASS]  ICMP reachable
10:42:38  [PASS]  ICMP reachable
10:42:43  [PASS]  ICMP reachable
10:42:48  [PASS]  ICMP reachable
10:42:53  [PASS]  ICMP reachable
10:42:58  [PASS]  ICMP reachable
10:43:03  [PASS]  ICMP reachable
10:43:08  [PASS]  ICMP reachable
10:43:13  [PASS]  ICMP reachable
10:43:18  [PASS]  ICMP reachable
10:43:23  [PASS]  ICMP reachable
10:43:28  [PASS]  ICMP reachable
10:43:33  [PASS]  ICMP reachable
10:43:38  [PASS]  ICMP reachable
10:43:43  [PASS]  ICMP reachable
10:43:48  [PASS]  ICMP reachable
10:43:53  [PASS]  ICMP reachable
10:43:58  [PASS]  ICMP reachable
10:44:03  [PASS]  ICMP reachable
10:44:08  [PASS]  ICMP reachable
10:44:13  [PASS]  ICMP reachable
10:44:18  [PASS]  ICMP reachable
10:44:23  [PASS]  ICMP reachable
10:44:28  [PASS]  ICMP reachable
10:44:33  [PASS]  ICMP reachable
10:44:38  [PASS]  ICMP reachable
10:44:44  [PASS]  ICMP reachable
10:44:49  [PASS]  ICMP reachable
10:44:54  [PASS]  ICMP reachable
10:44:59  [PASS]  ICMP reachable
10:45:04  [PASS]  ICMP reachable
10:45:09  [PASS]  ICMP reachable
10:45:14  [PASS]  ICMP reachable
10:45:19  [PASS]  ICMP reachable
10:45:24  [PASS]  ICMP reachable
10:45:29  [PASS]  ICMP reachable
10:45:34  [PASS]  ICMP reachable
10:45:39  [PASS]  ICMP reachable
10:45:44  [PASS]  ICMP reachable
10:45:49  [PASS]  ICMP reachable
10:45:54  [PASS]  ICMP reachable
10:45:59  [PASS]  ICMP reachable
10:46:04  [PASS]  ICMP reachable
10:46:09  [PASS]  ICMP reachable
10:46:14  [PASS]  ICMP reachable
10:46:19  [PASS]  ICMP reachable
10:46:24  [PASS]  ICMP reachable
10:46:29  [PASS]  ICMP reachable
10:46:34  [PASS]  ICMP reachable
10:46:39  [PASS]  ICMP reachable
10:46:44  [PASS]  ICMP reachable
10:46:49  [PASS]  ICMP reachable
10:46:54  [PASS]  ICMP reachable
10:46:59  [PASS]  ICMP reachable
10:47:04  [PASS]  ICMP reachable
10:47:09  [PASS]  ICMP reachable
10:47:14  [PASS]  ICMP reachable
10:47:19  [PASS]  ICMP reachable
10:47:24  [PASS]  ICMP reachable
10:47:29  [PASS]  ICMP reachable
10:47:34  [PASS]  ICMP reachable
10:47:39  [PASS]  ICMP reachable
10:47:44  [PASS]  ICMP reachable
10:47:49  [PASS]  ICMP reachable
10:47:54  [PASS]  ICMP reachable
10:47:59  [PASS]  ICMP reachable
10:48:04  [PASS]  ICMP reachable
10:48:09  [PASS]  ICMP reachable
10:48:14  [PASS]  ICMP reachable
10:48:19  [PASS]  ICMP reachable
10:48:24  [PASS]  ICMP reachable
10:48:29  [PASS]  ICMP reachable
10:48:34  [PASS]  ICMP reachable
10:48:39  [PASS]  ICMP reachable
10:48:44  [PASS]  ICMP reachable
10:48:49  [PASS]  ICMP reachable
10:48:54  [PASS]  ICMP reachable
10:48:59  [PASS]  ICMP reachable
10:49:04  [PASS]  ICMP reachable
10:49:09  [PASS]  ICMP reachable
10:49:14  [PASS]  ICMP reachable
10:49:19  [PASS]  ICMP reachable
10:49:24  [PASS]  ICMP reachable
10:49:29  [PASS]  ICMP reachable
10:49:34  [PASS]  ICMP reachable
10:49:39  [PASS]  ICMP reachable
10:49:44  [PASS]  ICMP reachable
10:49:49  [PASS]  ICMP reachable
10:49:54  [PASS]  ICMP reachable
10:49:59  [PASS]  ICMP reachable
10:50:04  [PASS]  ICMP reachable
10:50:09  [PASS]  ICMP reachable
10:50:14  [PASS]  ICMP reachable
10:50:19  [PASS]  ICMP reachable
10:50:24  [PASS]  ICMP reachable
10:50:29  [PASS]  ICMP reachable
10:50:34  [PASS]  ICMP reachable
10:50:39  [PASS]  ICMP reachable
10:50:44  [PASS]  ICMP reachable
10:50:49  [PASS]  ICMP reachable
10:50:54  [PASS]  ICMP reachable
10:50:59  [PASS]  ICMP reachable
10:51:04  [PASS]  ICMP reachable
10:51:09  [PASS]  ICMP reachable
10:51:14  [PASS]  ICMP reachable
10:51:19  [PASS]  ICMP reachable
10:51:24  [PASS]  ICMP reachable
10:51:29  [PASS]  ICMP reachable
10:51:34  [PASS]  ICMP reachable
10:51:39  [PASS]  ICMP reachable
10:51:44  [PASS]  ICMP reachable
10:51:49  [PASS]  ICMP reachable
10:51:54  [PASS]  ICMP reachable
10:51:59  [PASS]  ICMP reachable
10:52:04  [PASS]  ICMP reachable
10:52:09  [PASS]  ICMP reachable
10:52:14  [PASS]  ICMP reachable
10:52:19  [PASS]  ICMP reachable
10:52:24  [PASS]  ICMP reachable
10:52:29  [PASS]  ICMP reachable
10:52:34  [PASS]  ICMP reachable
10:52:39  [PASS]  ICMP reachable
10:52:44  [PASS]  ICMP reachable
10:52:49  [PASS]  ICMP reachable
10:52:54  [PASS]  ICMP reachable
10:52:59  [PASS]  ICMP reachable
10:53:04  [PASS]  ICMP reachable
10:53:09  [PASS]  ICMP reachable
10:53:14  [PASS]  ICMP reachable
10:53:19  [PASS]  ICMP reachable
10:53:24  [PASS]  ICMP reachable
10:53:29  [PASS]  ICMP reachable
10:53:34  [PASS]  ICMP reachable
10:53:39  [PASS]  ICMP reachable
10:53:44  [PASS]  ICMP reachable
10:53:49  [PASS]  ICMP reachable
10:53:54  [PASS]  ICMP reachable
10:54:00  [PASS]  ICMP reachable
10:54:05  [PASS]  ICMP reachable
10:54:10  [PASS]  ICMP reachable
10:54:15  [PASS]  ICMP reachable
10:54:20  [PASS]  ICMP reachable
10:54:25  [PASS]  ICMP reachable
10:54:30  [PASS]  ICMP reachable
10:54:35  [PASS]  ICMP reachable
10:54:40  [PASS]  ICMP reachable
10:54:45  [PASS]  ICMP reachable
10:54:50  [PASS]  ICMP reachable
10:54:55  [PASS]  ICMP reachable
10:55:00  [PASS]  ICMP reachable
10:55:05  [PASS]  ICMP reachable
10:55:10  [PASS]  ICMP reachable
10:55:15  [PASS]  ICMP reachable
10:55:20  [PASS]  ICMP reachable
10:55:25  [PASS]  ICMP reachable
10:55:30  [PASS]  ICMP reachable
10:55:35  [PASS]  ICMP reachable
10:55:40  [PASS]  ICMP reachable
10:55:45  [PASS]  ICMP reachable
10:55:50  [PASS]  ICMP reachable
10:55:55  [PASS]  ICMP reachable
10:56:00  [PASS]  ICMP reachable
10:56:05  [PASS]  ICMP reachable
10:56:10  [PASS]  ICMP reachable
10:56:15  [PASS]  ICMP reachable
10:56:20  [PASS]  ICMP reachable
10:56:25  [PASS]  ICMP reachable
10:56:30  [PASS]  ICMP reachable
10:56:35  [PASS]  ICMP reachable
10:56:40  [PASS]  ICMP reachable
10:56:45  [PASS]  ICMP reachable
10:56:50  [PASS]  ICMP reachable
10:56:55  [PASS]  ICMP reachable
10:57:00  [PASS]  ICMP reachable
10:57:05  [PASS]  ICMP reachable
10:57:10  [PASS]  ICMP reachable
10:57:15  [PASS]  ICMP reachable
10:57:20  [PASS]  ICMP reachable
10:57:25  [PASS]  ICMP reachable
10:57:30  [PASS]  ICMP reachable
10:57:35  [PASS]  ICMP reachable
10:57:40  [PASS]  ICMP reachable
10:57:45  [PASS]  ICMP reachable
10:57:50  [PASS]  ICMP reachable
10:57:55  [PASS]  ICMP reachable
10:58:00  [PASS]  ICMP reachable
10:58:05  [PASS]  ICMP reachable
10:58:10  [PASS]  ICMP reachable
10:58:15  [PASS]  ICMP reachable
10:58:20  [PASS]  ICMP reachable
10:58:25  [PASS]  ICMP reachable
10:58:30  [PASS]  ICMP reachable
10:58:35  [PASS]  ICMP reachable
10:58:40  [PASS]  ICMP reachable
10:58:45  [PASS]  ICMP reachable
10:58:50  [PASS]  ICMP reachable
10:58:55  [PASS]  ICMP reachable
10:59:00  [PASS]  ICMP reachable
10:59:05  [PASS]  ICMP reachable
10:59:10  [PASS]  ICMP reachable
10:59:15  [PASS]  ICMP reachable
10:59:20  [PASS]  ICMP reachable
10:59:25  [PASS]  ICMP reachable
10:59:30  [PASS]  ICMP reachable
10:59:35  [PASS]  ICMP reachable
10:59:40  [PASS]  ICMP reachable
10:59:45  [PASS]  ICMP reachable
10:59:50  [PASS]  ICMP reachable
10:59:55  [PASS]  ICMP reachable
11:00:00  [PASS]  ICMP reachable
11:00:05  [PASS]  ICMP reachable
11:00:10  [PASS]  ICMP reachable
11:00:15  [PASS]  ICMP reachable
11:00:20  [PASS]  ICMP reachable
11:00:25  [PASS]  ICMP reachable
11:00:30  [PASS]  ICMP reachable
11:00:35  [PASS]  ICMP reachable
11:00:40  [PASS]  ICMP reachable
11:00:45  [PASS]  ICMP reachable
11:00:50  [PASS]  ICMP reachable
11:00:55  [PASS]  ICMP reachable
11:01:00  [PASS]  ICMP reachable
11:01:05  [PASS]  ICMP reachable
11:01:10  [PASS]  ICMP reachable
11:01:15  [PASS]  ICMP reachable
11:01:20  [PASS]  ICMP reachable
11:01:25  [PASS]  ICMP reachable
11:01:30  [PASS]  ICMP reachable
11:01:35  [PASS]  ICMP reachable
11:01:40  [PASS]  ICMP reachable
11:01:45  [PASS]  ICMP reachable
11:01:50  [PASS]  ICMP reachable
11:01:55  [PASS]  ICMP reachable
11:02:00  [PASS]  ICMP reachable
11:02:05  [PASS]  ICMP reachable
11:02:10  [PASS]  ICMP reachable
11:02:15  [PASS]  ICMP reachable
11:02:20  [PASS]  ICMP reachable
11:02:25  [PASS]  ICMP reachable
11:02:30  [PASS]  ICMP reachable
11:02:35  [PASS]  ICMP reachable
11:02:40  [PASS]  ICMP reachable
11:02:45  [PASS]  ICMP reachable
11:02:51  [PASS]  ICMP reachable
11:02:56  [PASS]  ICMP reachable
11:03:01  [PASS]  ICMP reachable
11:03:06  [PASS]  ICMP reachable
11:03:11  [PASS]  ICMP reachable
11:03:16  [FAIL]  ICMP UNREACHABLE
11:03:23  [FAIL]  ICMP UNREACHABLE
11:03:30  [FAIL]  ICMP UNREACHABLE
11:03:37  [FAIL]  ICMP UNREACHABLE
11:03:44  [FAIL]  ICMP UNREACHABLE
11:03:51  [FAIL]  ICMP UNREACHABLE
11:03:58  [FAIL]  ICMP UNREACHABLE
11:04:05  [FAIL]  ICMP UNREACHABLE
11:04:12  [FAIL]  ICMP UNREACHABLE
11:04:19  [FAIL]  ICMP UNREACHABLE
11:04:26  [FAIL]  ICMP UNREACHABLE
11:04:33  [FAIL]  ICMP UNREACHABLE
11:04:40  [FAIL]  ICMP UNREACHABLE
11:04:47  [FAIL]  ICMP UNREACHABLE
11:04:54  [FAIL]  ICMP UNREACHABLE
11:05:01  [FAIL]  ICMP UNREACHABLE
11:05:08  [FAIL]  ICMP UNREACHABLE
11:05:15  [FAIL]  ICMP UNREACHABLE
11:05:22  [FAIL]  ICMP UNREACHABLE
11:05:29  [FAIL]  ICMP UNREACHABLE
11:05:36  [PASS]  ICMP reachable
11:05:41  [PASS]  ICMP reachable
11:05:46  [PASS]  ICMP reachable
11:05:51  [PASS]  ICMP reachable
11:05:56  [PASS]  ICMP reachable
11:06:01  [PASS]  ICMP reachable
11:06:06  [PASS]  ICMP reachable
11:06:11  [PASS]  ICMP reachable
11:06:16  [PASS]  ICMP reachable
11:06:21  [PASS]  ICMP reachable
11:06:26  [PASS]  ICMP reachable
11:06:31  [PASS]  ICMP reachable
11:06:36  [PASS]  ICMP reachable
11:06:41  [PASS]  ICMP reachable
11:06:46  [PASS]  ICMP reachable
11:06:51  [PASS]  ICMP reachable
11:06:56  [PASS]  ICMP reachable
11:07:01  [PASS]  ICMP reachable
11:07:06  [PASS]  ICMP reachable
11:07:11  [PASS]  ICMP reachable
11:07:16  [PASS]  ICMP reachable
11:07:21  [PASS]  ICMP reachable
11:07:26  [PASS]  ICMP reachable
11:07:31  [PASS]  ICMP reachable
11:07:36  [PASS]  ICMP reachable
11:07:41  [PASS]  ICMP reachable
11:07:46  [PASS]  ICMP reachable
11:07:51  [PASS]  ICMP reachable
11:07:56  [PASS]  ICMP reachable
11:08:01  [PASS]  ICMP reachable
11:08:06  [PASS]  ICMP reachable
11:08:11  [PASS]  ICMP reachable
11:08:16  [PASS]  ICMP reachable
11:08:21  [PASS]  ICMP reachable
11:08:26  [PASS]  ICMP reachable
11:08:31  [PASS]  ICMP reachable
11:08:36  [PASS]  ICMP reachable
11:08:41  [PASS]  ICMP reachable
11:08:46  [PASS]  ICMP reachable
11:08:51  [PASS]  ICMP reachable
11:08:56  [PASS]  ICMP reachable
11:09:01  [PASS]  ICMP reachable
11:09:06  [PASS]  ICMP reachable
11:09:11  [PASS]  ICMP reachable
11:09:16  [PASS]  ICMP reachable
11:09:21  [PASS]  ICMP reachable
11:09:26  [PASS]  ICMP reachable
11:09:31  [PASS]  ICMP reachable
11:09:36  [PASS]  ICMP reachable
11:09:41  [PASS]  ICMP reachable
11:09:46  [PASS]  ICMP reachable
11:09:51  [PASS]  ICMP reachable
11:09:56  [PASS]  ICMP reachable
11:10:01  [PASS]  ICMP reachable
11:10:06  [PASS]  ICMP reachable
11:10:11  [PASS]  ICMP reachable
11:10:16  [PASS]  ICMP reachable
11:10:21  [PASS]  ICMP reachable
11:10:26  [PASS]  ICMP reachable
11:10:31  [PASS]  ICMP reachable
11:10:36  [PASS]  ICMP reachable
11:10:41  [PASS]  ICMP reachable
11:10:46  [PASS]  ICMP reachable
11:10:51  [PASS]  ICMP reachable
11:10:56  [PASS]  ICMP reachable
11:11:01  [PASS]  ICMP reachable
11:11:06  [PASS]  ICMP reachable
ble
11:11:06  [PASS]  ICMP reachable
